<?xml version="1.0" encoding="UTF-8"?>
<!-- Generated by org.testng.reporters.JUnitReportReporter -->
<testsuite skipped="0" hostname="DESKTOP-NGGSEJ1" name="tests.AddProductToWhishlistTest" tests="3" failures="0" timestamp="12 Apr 2020 14:30:55 GMT" time="6.472" errors="0">
  <testcase name="UserCanSearchWithAutoSuggest" time="3.726" classname="tests.AddProductToWhishlistTest"/>
  <testcase name="UserCanAddProductTowishList" time="1.483" classname="tests.AddProductToWhishlistTest"/>
  <testcase name="UserCanRemoveProductFromCart" time="1.263" classname="tests.AddProductToWhishlistTest"/>
</testsuite> <!-- tests.AddProductToWhishlistTest -->
