<?xml version="1.0" encoding="UTF-8"?>
<!-- Generated by org.testng.reporters.JUnitReportReporter -->
<testsuite skipped="0" hostname="DESKTOP-NGGSEJ1" name="tests.searchProductUsingAutoSuggest" tests="1" failures="0" timestamp="20 Apr 2020 13:21:04 GMT" time="4.475" errors="0">
  <testcase name="UserCanSearchWithAutoSuggest" time="4.475" classname="tests.searchProductUsingAutoSuggest"/>
</testsuite> <!-- tests.searchProductUsingAutoSuggest -->
