<?xml version="1.0" encoding="UTF-8"?>
<!-- Generated by org.testng.reporters.JUnitReportReporter -->
<testsuite skipped="0" hostname="DESKTOP-NGGSEJ1" name="tests.ChangeCurrencyTest" tests="2" failures="0" timestamp="09 Apr 2020 17:39:43 GMT" time="6.899" errors="0">
  <testcase name="UserCanChangeCurrency" time="2.765" classname="tests.ChangeCurrencyTest"/>
  <testcase name="UserCanSearchWithAutoSuggest" time="4.134" classname="tests.ChangeCurrencyTest"/>
</testsuite> <!-- tests.ChangeCurrencyTest -->
